<?xml version="1.0" encoding="UTF-8"?>
<!-- Generated by org.testng.reporters.JUnitReportReporter -->
<testsuite hostname="DESKTOP-3DCDJ18" failures="0" tests="6" name="TestCases" time="26.642" errors="0" timestamp="2023-04-21T06:58:24 EET" skipped="0">
  <testcase classname="TestCases" name="LogIn" time="0.585"/>
  <system-out/>
  <testcase classname="TestCases" name="AddItems" time="4.519"/>
  <system-out/>
  <testcase classname="TestCases" name="RemoveItems" time="4.709"/>
  <system-out/>
  <testcase classname="TestCases" name="CheckOut" time="11.940"/>
  <system-out/>
  <testcase classname="TestCases" name="SortFromZtoA" time="2.491"/>
  <system-out/>
  <testcase classname="TestCases" name="LogOut" time="2.398"/>
  <system-out/>
</testsuite> <!-- TestCases -->
