<?xml version="1.0" encoding="UTF-8"?>
<!-- Generated by org.testng.reporters.JUnitReportReporter -->
<testsuite hostname="DESKTOP-3DCDJ18" failures="0" tests="6" name="TestCases" time="29.950" errors="0" timestamp="2023-05-04T17:49:04 EET" skipped="0">
  <testcase classname="TestCases" name="LogIn" time="0.775"/>
  <system-out/>
  <testcase classname="TestCases" name="AddItems" time="7.115"/>
  <system-out/>
  <testcase classname="TestCases" name="RemoveItems" time="4.549"/>
  <system-out/>
  <testcase classname="TestCases" name="CheckOut" time="12.194"/>
  <system-out/>
  <testcase classname="TestCases" name="SortFromZtoA" time="2.944"/>
  <system-out/>
  <testcase classname="TestCases" name="LogOut" time="2.373"/>
  <system-out/>
</testsuite> <!-- TestCases -->
